<?xml version="1.0" encoding="UTF-8"?>
<testng-results ignored="3" total="5" passed="1" failed="1" skipped="0">
  <reporter-output>
  </reporter-output>
  <suite started-at="2023-11-06T19:29:55 EET" name="Default suite" finished-at="2023-11-06T19:30:20 EET" duration-ms="25223">
    <groups>
    </groups>
    <test started-at="2023-11-06T19:29:55 EET" name="Default test" finished-at="2023-11-06T19:30:20 EET" duration-ms="25223">
      <class name="AlmosaferTest">
        <test-method is-config="true" signature="setup()[pri:0, instance:AlmosaferTest@263f04ca]" started-at="2023-11-06T19:29:55 EET" name="setup" finished-at="2023-11-06T19:30:04 EET" duration-ms="9226" status="PASS">
          <reporter-output>
          </reporter-output>
        </test-method> <!-- setup -->
        <test-method signature="Ckeck()[pri:0, instance:AlmosaferTest@263f04ca]" started-at="2023-11-06T19:30:04 EET" name="Ckeck" finished-at="2023-11-06T19:30:20 EET" duration-ms="15920" status="PASS">
          <reporter-output>
          </reporter-output>
        </test-method> <!-- Ckeck -->
        <test-method signature="ffgg()[pri:0, instance:AlmosaferTest@263f04ca]" started-at="2023-11-06T19:30:20 EET" name="ffgg" finished-at="2023-11-06T19:30:20 EET" duration-ms="22" status="FAIL">
          <exception class="java.lang.AssertionError">
            <message>
              <![CDATA[The following asserts failed:
this is to check my age expected [30] but found [90]]]>
            </message>
            <full-stacktrace>
              <![CDATA[java.lang.AssertionError: The following asserts failed:
this is to check my age expected [30] but found [90]
at org.testng.asserts.SoftAssert.assertAll(SoftAssert.java:47)
at org.testng.asserts.SoftAssert.assertAll(SoftAssert.java:31)
at AlmosaferTest.ffgg(AlmosaferTest.java:157)
at java.base/jdk.internal.reflect.NativeMethodAccessorImpl.invoke0(Native Method)
at java.base/jdk.internal.reflect.NativeMethodAccessorImpl.invoke(NativeMethodAccessorImpl.java:77)
at java.base/jdk.internal.reflect.DelegatingMethodAccessorImpl.invoke(DelegatingMethodAccessorImpl.java:43)
at java.base/java.lang.reflect.Method.invoke(Method.java:568)
at org.testng.internal.MethodInvocationHelper.invokeMethod(MethodInvocationHelper.java:133)
at org.testng.internal.TestInvoker.invokeMethod(TestInvoker.java:598)
at org.testng.internal.TestInvoker.invokeTestMethod(TestInvoker.java:173)
at org.testng.internal.MethodRunner.runInSequence(MethodRunner.java:46)
at org.testng.internal.TestInvoker$MethodInvocationAgent.invoke(TestInvoker.java:824)
at org.testng.internal.TestInvoker.invokeTestMethods(TestInvoker.java:146)
at org.testng.internal.TestMethodWorker.invokeTestMethods(TestMethodWorker.java:146)
at org.testng.internal.TestMethodWorker.run(TestMethodWorker.java:128)
at java.base/java.util.ArrayList.forEach(ArrayList.java:1511)
at org.testng.TestRunner.privateRun(TestRunner.java:794)
at org.testng.TestRunner.run(TestRunner.java:596)
at org.testng.SuiteRunner.runTest(SuiteRunner.java:377)
at org.testng.SuiteRunner.runSequentially(SuiteRunner.java:371)
at org.testng.SuiteRunner.privateRun(SuiteRunner.java:332)
at org.testng.SuiteRunner.run(SuiteRunner.java:276)
at org.testng.SuiteRunnerWorker.runSuite(SuiteRunnerWorker.java:53)
at org.testng.SuiteRunnerWorker.run(SuiteRunnerWorker.java:96)
at org.testng.TestNG.runSuitesSequentially(TestNG.java:1212)
at org.testng.TestNG.runSuitesLocally(TestNG.java:1134)
at org.testng.TestNG.runSuites(TestNG.java:1063)
at org.testng.TestNG.run(TestNG.java:1031)
at org.testng.remote.AbstractRemoteTestNG.run(AbstractRemoteTestNG.java:115)
at org.testng.remote.RemoteTestNG.initAndRun(RemoteTestNG.java:251)
at org.testng.remote.RemoteTestNG.main(RemoteTestNG.java:77)
]]>
            </full-stacktrace>
          </exception> <!-- java.lang.AssertionError -->
          <reporter-output>
          </reporter-output>
        </test-method> <!-- ffgg -->
        <test-method is-config="true" signature="AfterTest()[pri:0, instance:AlmosaferTest@263f04ca]" started-at="2023-11-06T19:30:20 EET" name="AfterTest" finished-at="2023-11-06T19:30:20 EET" duration-ms="0" status="PASS">
          <reporter-output>
          </reporter-output>
        </test-method> <!-- AfterTest -->
      </class> <!-- AlmosaferTest -->
    </test> <!-- Default test -->
  </suite> <!-- Default suite -->
</testng-results>
